{"level":"info","message":"Server running on port 4000","timestamp":"2026-06-22 21:51:40"}
{"level":"info","message":"::1 - - [22/Jun/2026:18:51:47 +0000] \"OPTIONS /api/auth/register HTTP/1.1\" 200 4 \"http://localhost:5173/\" \"Mozilla/5.0 (X11; Linux x86_64) AppleWebKit/537.36 (KHTML, like Gecko) Code/1.120.0 Chrome/142.0.7444.265 Electron/39.8.8 Safari/537.36\"","timestamp":"2026-06-22 21:51:47"}
{"level":"info","message":"::1 - - [22/Jun/2026:18:51:47 +0000] \"OPTIONS /api/log HTTP/1.1\" 200 4 \"http://localhost:5173/\" \"Mozilla/5.0 (X11; Linux x86_64) AppleWebKit/537.36 (KHTML, like Gecko) Code/1.120.0 Chrome/142.0.7444.265 Electron/39.8.8 Safari/537.36\"","timestamp":"2026-06-22 21:51:47"}
{"level":"info","message":"Server running on port 4000","timestamp":"2026-06-22 21:52:55"}
{"level":"info","message":"Server running on port 4000","timestamp":"2026-06-22 21:53:10"}
{"level":"info","message":"::1 - - [22/Jun/2026:18:53:13 +0000] \"POST /api/auth/register HTTP/1.1\" 201 343 \"http://localhost:5173/\" \"Mozilla/5.0 (X11; Linux x86_64) AppleWebKit/537.36 (KHTML, like Gecko) Code/1.120.0 Chrome/142.0.7444.265 Electron/39.8.8 Safari/537.36\"","timestamp":"2026-06-22 21:53:13"}
{"level":"info","message":"Server running on port 4000","timestamp":"2026-06-22 23:23:45"}
{"level":"info","message":"Server running on port 4000","timestamp":"2026-06-23 13:58:34"}
{"level":"info","message":"::1 - - [23/Jun/2026:10:59:06 +0000] \"GET /api/rooms/mine HTTP/1.1\" 401 29 \"-\" \"curl/8.5.0\"","timestamp":"2026-06-23 13:59:06"}
{"level":"info","message":"::1 - - [23/Jun/2026:10:59:59 +0000] \"POST /api/auth/signin HTTP/1.1\" 404 155 \"-\" \"curl/8.5.0\"","timestamp":"2026-06-23 13:59:59"}
{"level":"info","message":"::1 - - [23/Jun/2026:11:14:34 +0000] \"POST /api/auth/login HTTP/1.1\" 400 43 \"-\" \"HTTPie/3.2.2\"","timestamp":"2026-06-23 14:14:34"}
{"level":"info","message":"::1 - - [23/Jun/2026:11:14:55 +0000] \"POST /api/auth/login HTTP/1.1\" 400 43 \"-\" \"HTTPie/3.2.2\"","timestamp":"2026-06-23 14:14:55"}
{"level":"info","message":"::1 - - [23/Jun/2026:11:15:22 +0000] \"POST /api/auth/login HTTP/1.1\" 400 43 \"-\" \"HTTPie/3.2.2\"","timestamp":"2026-06-23 14:15:22"}
{"level":"error","message":"POST /api/auth/login - Illegal arguments: number, string","stack":"Error: Illegal arguments: number, string\n    at bcrypt.compareSync (/home/ayaz/virtualoffice/backend/node_modules/bcryptjs/dist/bcrypt.js:265:19)\n    at file:///home/ayaz/virtualoffice/backend/routes/auth.js:43:15\n    at Layer.handle [as handle_request] (/home/ayaz/virtualoffice/backend/node_modules/express/lib/router/layer.js:95:5)\n    at next (/home/ayaz/virtualoffice/backend/node_modules/express/lib/router/route.js:149:13)\n    at Route.dispatch (/home/ayaz/virtualoffice/backend/node_modules/express/lib/router/route.js:119:3)\n    at Layer.handle [as handle_request] (/home/ayaz/virtualoffice/backend/node_modules/express/lib/router/layer.js:95:5)\n    at /home/ayaz/virtualoffice/backend/node_modules/express/lib/router/index.js:284:15\n    at router.process_params (/home/ayaz/virtualoffice/backend/node_modules/express/lib/router/index.js:346:12)\n    at next (/home/ayaz/virtualoffice/backend/node_modules/express/lib/router/index.js:280:10)\n    at router.handle (/home/ayaz/virtualoffice/backend/node_modules/express/lib/router/index.js:175:3)","timestamp":"2026-06-23 14:16:02"}
{"level":"info","message":"::1 - - [23/Jun/2026:11:16:02 +0000] \"POST /api/auth/login HTTP/1.1\" 500 33 \"-\" \"HTTPie/3.2.2\"","timestamp":"2026-06-23 14:16:02"}
{"level":"info","message":"::1 - - [23/Jun/2026:11:16:20 +0000] \"POST /api/auth/login HTTP/1.1\" 200 343 \"-\" \"HTTPie/3.2.2\"","timestamp":"2026-06-23 14:16:20"}
{"level":"info","message":"::1 - - [23/Jun/2026:11:17:17 +0000] \"GET /api/rooms/mine HTTP/1.1\" 401 29 \"-\" \"curl/8.5.0\"","timestamp":"2026-06-23 14:17:17"}
{"level":"info","message":"::1 - - [23/Jun/2026:11:17:55 +0000] \"GET /api/rooms/mine HTTP/1.1\" 401 29 \"-\" \"curl/8.5.0\"","timestamp":"2026-06-23 14:17:55"}
{"level":"info","message":"::1 - - [23/Jun/2026:11:18:34 +0000] \"GET /api/rooms/mine HTTP/1.1\" 401 31 \"-\" \"HTTPie/3.2.2\"","timestamp":"2026-06-23 14:18:34"}
{"level":"info","message":"Server running on port 4000","timestamp":"2026-06-23 14:18:48"}
{"level":"info","message":"::1 - - [23/Jun/2026:11:18:49 +0000] \"GET /api/rooms/mine HTTP/1.1\" 200 43 \"-\" \"HTTPie/3.2.2\"","timestamp":"2026-06-23 14:18:49"}
{"level":"info","message":"Server running on port 4000","timestamp":"2026-06-23 14:19:05"}
{"level":"info","message":"Server running on port 4000","timestamp":"2026-06-23 14:19:07"}
{"level":"info","message":"Server running on port 4000","timestamp":"2026-06-23 14:19:52"}
{"level":"info","message":"Server running on port 4000","timestamp":"2026-06-23 14:19:54"}
{"level":"info","message":"::1 - - [23/Jun/2026:11:20:04 +0000] \"GET /api/rooms/mine HTTP/1.1\" 401 31 \"-\" \"HTTPie/3.2.2\"","timestamp":"2026-06-23 14:20:04"}
{"level":"info","message":"Server running on port 4000","timestamp":"2026-06-23 14:20:09"}
{"level":"info","message":"::1 - - [23/Jun/2026:11:20:10 +0000] \"GET /api/rooms/mine HTTP/1.1\" 200 12 \"-\" \"HTTPie/3.2.2\"","timestamp":"2026-06-23 14:20:10"}
{"level":"info","message":"Server running on port 4000","timestamp":"2026-06-23 14:20:15"}
{"level":"info","message":"Server running on port 4000","timestamp":"2026-06-23 14:20:16"}
{"level":"info","message":"Server running on port 4000","timestamp":"2026-06-23 14:20:44"}
{"level":"info","message":"Server running on port 4000","timestamp":"2026-06-23 14:21:28"}
{"level":"info","message":"Server running on port 4000","timestamp":"2026-06-23 14:21:34"}
{"level":"info","message":"Server running on port 4000","timestamp":"2026-06-23 14:21:53"}
{"level":"info","message":"Server running on port 4000","timestamp":"2026-06-23 14:21:55"}
{"level":"info","message":"Server running on port 4000","timestamp":"2026-06-23 14:21:56"}
{"level":"info","message":"Server running on port 4000","timestamp":"2026-06-23 14:22:01"}
{"level":"info","message":"Server running on port 4000","timestamp":"2026-06-23 14:25:12"}
{"level":"info","message":"::1 - - [23/Jun/2026:11:25:18 +0000] \"GET /api/rooms/ HTTP/1.1\" 200 12 \"-\" \"HTTPie/3.2.2\"","timestamp":"2026-06-23 14:25:18"}
{"level":"info","message":"Server running on port 4000","timestamp":"2026-06-23 14:27:33"}
{"level":"info","message":"Server running on port 4000","timestamp":"2026-06-23 14:27:40"}
{"level":"info","message":"Server running on port 4000","timestamp":"2026-06-23 14:27:43"}
{"level":"info","message":"Server running on port 4000","timestamp":"2026-06-23 14:28:01"}
{"level":"info","message":"Server running on port 4000","timestamp":"2026-06-23 14:37:01"}
{"level":"info","message":"Server running on port 4000","timestamp":"2026-06-23 14:37:03"}
{"level":"info","message":"Server running on port 4000","timestamp":"2026-06-23 14:37:04"}
{"level":"info","message":"Server running on port 4000","timestamp":"2026-06-23 14:48:50"}
{"level":"info","message":"Server running on port 4000","timestamp":"2026-06-23 14:48:51"}
{"level":"info","message":"Server running on port 4000","timestamp":"2026-06-23 15:08:06"}
{"level":"info","message":"::1 - - [23/Jun/2026:12:08:28 +0000] \"POST /api/rooms/ HTTP/1.1\" 401 31 \"-\" \"HTTPie/3.2.2\"","timestamp":"2026-06-23 15:08:28"}
{"level":"info","message":"Server running on port 4000","timestamp":"2026-06-23 15:08:38"}
{"level":"info","message":"Server running on port 4000","timestamp":"2026-06-23 15:08:51"}
{"level":"info","message":"::1 - - [23/Jun/2026:12:08:57 +0000] \"POST /api/rooms/ HTTP/1.1\" 201 806 \"-\" \"HTTPie/3.2.2\"","timestamp":"2026-06-23 15:08:57"}
{"level":"info","message":"Server running on port 4000","timestamp":"2026-06-23 15:09:41"}
{"level":"info","message":"Server running on port 4000","timestamp":"2026-06-23 15:09:45"}
{"level":"info","message":"Server running on port 4000","timestamp":"2026-06-23 15:09:55"}
{"level":"info","message":"Server running on port 4000","timestamp":"2026-06-23 15:09:57"}
{"level":"info","message":"Server running on port 4000","timestamp":"2026-06-23 15:12:37"}
{"level":"info","message":"Server running on port 4000","timestamp":"2026-06-23 15:12:52"}
{"level":"info","message":"Server running on port 4000","timestamp":"2026-06-23 15:12:55"}
{"level":"info","message":"Server running on port 4000","timestamp":"2026-06-23 15:12:56"}
{"level":"info","message":"Server running on port 4000","timestamp":"2026-06-23 15:31:46"}
{"level":"info","message":"Server running on port 4000","timestamp":"2026-06-23 15:32:37"}
{"level":"info","message":"Server running on port 4000","timestamp":"2026-06-23 15:32:43"}
{"level":"info","message":"Server running on port 4000","timestamp":"2026-06-23 15:32:48"}
{"level":"info","message":"Server running on port 4000","timestamp":"2026-06-23 15:33:00"}
{"level":"info","message":"Server running on port 4000","timestamp":"2026-06-23 15:33:02"}
{"level":"info","message":"Server running on port 4000","timestamp":"2026-06-23 15:33:25"}
{"level":"info","message":"Server running on port 4000","timestamp":"2026-06-23 15:33:40"}
{"level":"info","message":"Server running on port 4000","timestamp":"2026-06-23 15:33:43"}
{"level":"info","message":"Server running on port 4000","timestamp":"2026-06-23 15:33:49"}
{"level":"info","message":"Server running on port 4000","timestamp":"2026-06-23 15:33:55"}
{"level":"info","message":"Server running on port 4000","timestamp":"2026-06-23 15:33:58"}
{"level":"info","message":"Server running on port 4000","timestamp":"2026-06-23 15:34:01"}
{"level":"info","message":"Server running on port 4000","timestamp":"2026-06-23 15:34:12"}
{"level":"info","message":"Server running on port 4000","timestamp":"2026-06-23 15:34:14"}
